<?xml version="1.0" encoding="UTF-8"?>
<!-- Generated by org.testng.reporters.JUnitReportReporter -->
<testsuite hostname="NODE56" name="com.ud.testclasses.UdTest" tests="1" failures="0" timestamp="10 Nov 2014 08:27:10 GMT" time="0.013" errors="0">
  <testcase name="test" time="0.013" classname="com.ud.testclasses.UdTest"/>
</testsuite> <!-- com.ud.testclasses.UdTest -->
